<?xml version="1.0" encoding="UTF-8"?>
<!-- Generated by org.testng.reporters.JUnitXMLReporter -->
<testsuite ignored="2" hostname="LAPTOP-K318JJ09" failures="0" tests="1" name="Default test" time="0.04" errors="0" timestamp="2022-08-10T11:14:06 IST">
  <testcase classname="com.automate.AutoUpdateDriver" name="test3" time="0.007"/>
  <testcase classname="com.automate.AutoUpdateDriver" name="test1" time="0.0">
    <ignored/>
  </testcase> <!-- test1 -->
  <testcase classname="com.automate.AutoUpdateDriver" name="test2" time="0.0">
    <ignored/>
  </testcase> <!-- test2 -->
</testsuite> <!-- Default test -->
