<?xml version="1.0" encoding="UTF-8"?>
<testng-results ignored="0" total="3" passed="3" failed="0" skipped="0">
  <reporter-output>
  </reporter-output>
  <suite started-at="2022-08-20T23:09:03 IST" name="Automation" finished-at="2022-08-20T23:09:19 IST" duration-ms="15933">
    <groups>
    </groups>
    <test started-at="2022-08-20T23:09:03 IST" name="Basic Test" finished-at="2022-08-20T23:09:19 IST" duration-ms="15933">
      <class name="com.automate.AutoUpdateDriver">
        <test-method signature="test2()[pri:1, instance:com.automate.AutoUpdateDriver@35ef1869]" started-at="2022-08-20T23:09:04 IST" name="test2" finished-at="2022-08-20T23:09:04 IST" duration-ms="13" status="PASS">
          <reporter-output>
          </reporter-output>
        </test-method> <!-- test2 -->
        <test-method signature="test3()[pri:2, instance:com.automate.AutoUpdateDriver@35ef1869]" started-at="2022-08-20T23:09:04 IST" name="test3" finished-at="2022-08-20T23:09:04 IST" duration-ms="0" status="PASS">
          <reporter-output>
          </reporter-output>
        </test-method> <!-- test3 -->
        <test-method signature="test1()[pri:3, instance:com.automate.AutoUpdateDriver@35ef1869]" started-at="2022-08-20T23:09:04 IST" name="test1" finished-at="2022-08-20T23:09:19 IST" duration-ms="15816" status="PASS">
          <reporter-output>
          </reporter-output>
        </test-method> <!-- test1 -->
      </class> <!-- com.automate.AutoUpdateDriver -->
    </test> <!-- Basic Test -->
  </suite> <!-- Automation -->
</testng-results>
