<?xml version="1.0" encoding="UTF-8"?>
<testng-results ignored="2" total="3" passed="1" failed="0" skipped="0">
  <reporter-output>
  </reporter-output>
  <suite started-at="2022-08-10T11:14:06 IST" name="Default suite" finished-at="2022-08-10T11:14:06 IST" duration-ms="40">
    <groups>
    </groups>
    <test started-at="2022-08-10T11:14:06 IST" name="Default test" finished-at="2022-08-10T11:14:06 IST" duration-ms="40">
      <class name="com.automate.AutoUpdateDriver">
        <test-method signature="test3()[pri:0, instance:com.automate.AutoUpdateDriver@7205765b]" started-at="2022-08-10T11:14:06 IST" name="test3" finished-at="2022-08-10T11:14:06 IST" duration-ms="7" status="PASS">
          <reporter-output>
          </reporter-output>
        </test-method> <!-- test3 -->
      </class> <!-- com.automate.AutoUpdateDriver -->
    </test> <!-- Default test -->
  </suite> <!-- Default suite -->
</testng-results>
