<?xml version="1.0" encoding="UTF-8"?>
<!-- Generated by org.testng.reporters.JUnitXMLReporter -->
<testsuite ignored="0" hostname="LAPTOP-K318JJ09" failures="0" tests="3" name="Basic Test" time="9.539" errors="0" timestamp="2022-08-22T12:10:29 IST">
  <testcase classname="com.automate.AutoUpdateDriver" name="test2" time="0.01"/>
  <testcase classname="com.automate.AutoUpdateDriver" name="test3" time="0.0"/>
  <testcase classname="com.automate.AutoUpdateDriver" name="startBrowser" time="9.448"/>
</testsuite> <!-- Basic Test -->
