<?xml version="1.0" encoding="UTF-8"?>
<!-- Generated by org.testng.reporters.JUnitXMLReporter -->
<testsuite ignored="0" hostname="LAPTOP-K318JJ09" failures="0" tests="3" name="Basic Test" time="15.933" errors="0" timestamp="2022-08-20T23:09:19 IST">
  <testcase classname="com.automate.AutoUpdateDriver" name="test2" time="0.013"/>
  <testcase classname="com.automate.AutoUpdateDriver" name="test3" time="0.0"/>
  <testcase classname="com.automate.AutoUpdateDriver" name="test1" time="15.816"/>
</testsuite> <!-- Basic Test -->
